Logfile initialized
[INFO] logfile = /Users/Darren/Work/AlloyMVCCopy/build.log
[DEBUG] /Library/Application Support/Titanium/mobilesdk/osx/2.1.3.GA/android/builder.py simulator AlloyMVCCopy /Users/Darren/Work/android-sdk-mac_x86 /Users/Darren/Work/AlloyMVCCopy com.alloy.ccs 7 HVGA 
[INFO] Building AlloyMVCCopy for Android ... one moment
[INFO] plugin=/Library/Application Support/Titanium/plugins/ti.alloy/1.0/plugin.py
[INFO] Detected compiler plugin: ti.alloy/1.0
[INFO] Titanium SDK version: 2.1.3 (10/02/12 16:16 15997d0)
[DEBUG] Waiting for device to be ready ...
[TRACE] adb devices returned 1 devices/emulators
[DEBUG] Device connected... (waited 0 seconds)
[DEBUG] waited 0.023101 seconds on emulator to get ready
[DEBUG] com.alloy.ccs installed? True
[INFO] Fastdev server running, deploying in Fastdev mode
[INFO] Copying CommonJS modules...
[INFO] Copying project resources..
[INFO] Detected change in tiapp.xml, or assets deleted. Forcing full re-build...
[TRACE] COPYING CREATED FILE: /Users/Darren/Work/AlloyMVCCopy/Resources/alloy/backbone.js => /Users/Darren/Work/AlloyMVCCopy/build/android/bin/assets/Resources/alloy/backbone.js
[TRACE] COPYING CREATED FILE: /Users/Darren/Work/AlloyMVCCopy/Resources/alloy/CFG.js => /Users/Darren/Work/AlloyMVCCopy/build/android/bin/assets/Resources/alloy/CFG.js
[TRACE] COPYING CREATED FILE: /Users/Darren/Work/AlloyMVCCopy/Resources/alloy/controllers/BaseController.js => /Users/Darren/Work/AlloyMVCCopy/build/android/bin/assets/Resources/alloy/controllers/BaseController.js
[TRACE] COPYING CREATED FILE: /Users/Darren/Work/AlloyMVCCopy/Resources/alloy/controllers/detail.js => /Users/Darren/Work/AlloyMVCCopy/build/android/bin/assets/Resources/alloy/controllers/detail.js
[TRACE] COPYING CREATED FILE: /Users/Darren/Work/AlloyMVCCopy/Resources/alloy/controllers/index.js => /Users/Darren/Work/AlloyMVCCopy/build/android/bin/assets/Resources/alloy/controllers/index.js
[TRACE] COPYING CREATED FILE: /Users/Darren/Work/AlloyMVCCopy/Resources/alloy/string.js => /Users/Darren/Work/AlloyMVCCopy/build/android/bin/assets/Resources/alloy/string.js
[TRACE] COPYING CREATED FILE: /Users/Darren/Work/AlloyMVCCopy/Resources/alloy/sync/localStorage.js => /Users/Darren/Work/AlloyMVCCopy/build/android/bin/assets/Resources/alloy/sync/localStorage.js
[TRACE] COPYING CREATED FILE: /Users/Darren/Work/AlloyMVCCopy/Resources/alloy/sync/properties.js => /Users/Darren/Work/AlloyMVCCopy/build/android/bin/assets/Resources/alloy/sync/properties.js
[TRACE] COPYING CREATED FILE: /Users/Darren/Work/AlloyMVCCopy/Resources/alloy/sync/sql.js => /Users/Darren/Work/AlloyMVCCopy/build/android/bin/assets/Resources/alloy/sync/sql.js
[TRACE] COPYING CREATED FILE: /Users/Darren/Work/AlloyMVCCopy/Resources/alloy/underscore.js => /Users/Darren/Work/AlloyMVCCopy/build/android/bin/assets/Resources/alloy/underscore.js
[TRACE] COPYING CREATED FILE: /Users/Darren/Work/AlloyMVCCopy/Resources/alloy.js => /Users/Darren/Work/AlloyMVCCopy/build/android/bin/assets/Resources/alloy.js
[TRACE] COPYING CREATED FILE: /Users/Darren/Work/AlloyMVCCopy/Resources/android/appicon.png => /Users/Darren/Work/AlloyMVCCopy/build/android/bin/assets/Resources/appicon.png
[TRACE] COPYING CREATED FILE: /Users/Darren/Work/AlloyMVCCopy/Resources/android/default.png => /Users/Darren/Work/AlloyMVCCopy/build/android/bin/assets/Resources/default.png
[TRACE] COPYING CREATED FILE: /Users/Darren/Work/AlloyMVCCopy/Resources/app.js => /Users/Darren/Work/AlloyMVCCopy/build/android/bin/assets/Resources/app.js
[TRACE] Generating Java Classes
[DEBUG] Processing Android resource drawables
[TRACE] COPYING FILE: /Users/Darren/Work/AlloyMVCCopy/Resources/android/images/res-long-land-hdpi/default.png => /Users/Darren/Work/AlloyMVCCopy/build/android/res/drawable-long-land-hdpi/default_d44e27d97b.png
[TRACE] COPYING FILE: /Users/Darren/Work/AlloyMVCCopy/Resources/android/images/res-long-land-ldpi/default.png => /Users/Darren/Work/AlloyMVCCopy/build/android/res/drawable-long-land-ldpi/default_d44e27d97b.png
[TRACE] COPYING FILE: /Users/Darren/Work/AlloyMVCCopy/Resources/android/images/res-long-port-hdpi/default.png => /Users/Darren/Work/AlloyMVCCopy/build/android/res/drawable-long-port-hdpi/default_d44e27d97b.png
[TRACE] COPYING FILE: /Users/Darren/Work/AlloyMVCCopy/Resources/android/images/res-long-port-ldpi/default.png => /Users/Darren/Work/AlloyMVCCopy/build/android/res/drawable-long-port-ldpi/default_d44e27d97b.png
[TRACE] COPYING FILE: /Users/Darren/Work/AlloyMVCCopy/Resources/android/images/res-notlong-land-hdpi/default.png => /Users/Darren/Work/AlloyMVCCopy/build/android/res/drawable-notlong-land-hdpi/default_d44e27d97b.png
[TRACE] COPYING FILE: /Users/Darren/Work/AlloyMVCCopy/Resources/android/images/res-notlong-land-ldpi/default.png => /Users/Darren/Work/AlloyMVCCopy/build/android/res/drawable-notlong-land-ldpi/default_d44e27d97b.png
[TRACE] COPYING FILE: /Users/Darren/Work/AlloyMVCCopy/Resources/android/images/res-notlong-land-mdpi/default.png => /Users/Darren/Work/AlloyMVCCopy/build/android/res/drawable-notlong-land-mdpi/default_d44e27d97b.png
[TRACE] COPYING FILE: /Users/Darren/Work/AlloyMVCCopy/Resources/android/images/res-notlong-port-hdpi/default.png => /Users/Darren/Work/AlloyMVCCopy/build/android/res/drawable-notlong-port-hdpi/default_d44e27d97b.png
[TRACE] COPYING FILE: /Users/Darren/Work/AlloyMVCCopy/Resources/android/images/res-notlong-port-ldpi/default.png => /Users/Darren/Work/AlloyMVCCopy/build/android/res/drawable-notlong-port-ldpi/default_d44e27d97b.png
[TRACE] COPYING FILE: /Users/Darren/Work/AlloyMVCCopy/Resources/android/images/res-notlong-port-mdpi/default.png => /Users/Darren/Work/AlloyMVCCopy/build/android/res/drawable-notlong-port-mdpi/default_d44e27d97b.png
[DEBUG] app stylesheet => /Users/Darren/Work/AlloyMVCCopy/build/android/gen/com/alloy/ccs/ApplicationStylesheet.java
[DEBUG] copying app icon: /Users/Darren/Work/AlloyMVCCopy/build/android/bin/assets/Resources/appicon.png
[DEBUG] generating theme.xml
[DEBUG] found drawable-long-land-hdpi splash screen at /Users/Darren/Work/AlloyMVCCopy/Resources/android/images/res-long-land-hdpi/default.png
[DEBUG] copying /Users/Darren/Work/AlloyMVCCopy/Resources/android/images/res-long-land-hdpi/default.png splash screen to /Users/Darren/Work/AlloyMVCCopy/build/android/res/drawable-long-land-hdpi/background.png
[DEBUG] found drawable-long-land-ldpi splash screen at /Users/Darren/Work/AlloyMVCCopy/Resources/android/images/res-long-land-ldpi/default.png
[DEBUG] copying /Users/Darren/Work/AlloyMVCCopy/Resources/android/images/res-long-land-ldpi/default.png splash screen to /Users/Darren/Work/AlloyMVCCopy/build/android/res/drawable-long-land-ldpi/background.png
[DEBUG] found drawable-long-port-hdpi splash screen at /Users/Darren/Work/AlloyMVCCopy/Resources/android/images/res-long-port-hdpi/default.png
[DEBUG] copying /Users/Darren/Work/AlloyMVCCopy/Resources/android/images/res-long-port-hdpi/default.png splash screen to /Users/Darren/Work/AlloyMVCCopy/build/android/res/drawable-long-port-hdpi/background.png
[DEBUG] found drawable-long-port-ldpi splash screen at /Users/Darren/Work/AlloyMVCCopy/Resources/android/images/res-long-port-ldpi/default.png
[DEBUG] copying /Users/Darren/Work/AlloyMVCCopy/Resources/android/images/res-long-port-ldpi/default.png splash screen to /Users/Darren/Work/AlloyMVCCopy/build/android/res/drawable-long-port-ldpi/background.png
[DEBUG] found drawable-notlong-land-hdpi splash screen at /Users/Darren/Work/AlloyMVCCopy/Resources/android/images/res-notlong-land-hdpi/default.png
[DEBUG] copying /Users/Darren/Work/AlloyMVCCopy/Resources/android/images/res-notlong-land-hdpi/default.png splash screen to /Users/Darren/Work/AlloyMVCCopy/build/android/res/drawable-notlong-land-hdpi/background.png
[DEBUG] found drawable-notlong-land-ldpi splash screen at /Users/Darren/Work/AlloyMVCCopy/Resources/android/images/res-notlong-land-ldpi/default.png
[DEBUG] copying /Users/Darren/Work/AlloyMVCCopy/Resources/android/images/res-notlong-land-ldpi/default.png splash screen to /Users/Darren/Work/AlloyMVCCopy/build/android/res/drawable-notlong-land-ldpi/background.png
[DEBUG] found drawable-notlong-land-mdpi splash screen at /Users/Darren/Work/AlloyMVCCopy/Resources/android/images/res-notlong-land-mdpi/default.png
[DEBUG] copying /Users/Darren/Work/AlloyMVCCopy/Resources/android/images/res-notlong-land-mdpi/default.png splash screen to /Users/Darren/Work/AlloyMVCCopy/build/android/res/drawable-notlong-land-mdpi/background.png
[DEBUG] found drawable-notlong-port-hdpi splash screen at /Users/Darren/Work/AlloyMVCCopy/Resources/android/images/res-notlong-port-hdpi/default.png
[DEBUG] copying /Users/Darren/Work/AlloyMVCCopy/Resources/android/images/res-notlong-port-hdpi/default.png splash screen to /Users/Darren/Work/AlloyMVCCopy/build/android/res/drawable-notlong-port-hdpi/background.png
[DEBUG] found drawable-notlong-port-ldpi splash screen at /Users/Darren/Work/AlloyMVCCopy/Resources/android/images/res-notlong-port-ldpi/default.png
[DEBUG] copying /Users/Darren/Work/AlloyMVCCopy/Resources/android/images/res-notlong-port-ldpi/default.png splash screen to /Users/Darren/Work/AlloyMVCCopy/build/android/res/drawable-notlong-port-ldpi/background.png
[DEBUG] found drawable-notlong-port-mdpi splash screen at /Users/Darren/Work/AlloyMVCCopy/Resources/android/images/res-notlong-port-mdpi/default.png
[DEBUG] copying /Users/Darren/Work/AlloyMVCCopy/Resources/android/images/res-notlong-port-mdpi/default.png splash screen to /Users/Darren/Work/AlloyMVCCopy/build/android/res/drawable-notlong-port-mdpi/background.png
[DEBUG] found splash screen at /Users/Darren/Work/AlloyMVCCopy/build/android/bin/assets/Resources/default.png
[TRACE] Writing out AndroidManifest.xml
[DEBUG] adding /Users/Darren/Work/AlloyMVCCopy/build/android/gen/com/alloy/ccs/AlloymvccopyActivity.java to javac build list
[DEBUG] adding /Users/Darren/Work/AlloyMVCCopy/build/android/gen/com/alloy/ccs/AlloymvccopyAppInfo.java to javac build list
[DEBUG] adding /Users/Darren/Work/AlloyMVCCopy/build/android/gen/com/alloy/ccs/AlloymvccopyApplication.java to javac build list
[DEBUG] adding /Users/Darren/Work/AlloyMVCCopy/build/android/gen/com/alloy/ccs/ApplicationStylesheet.java to javac build list
[DEBUG] adding /Users/Darren/Work/AlloyMVCCopy/build/android/gen/com/alloy/ccs/R.java to javac build list
[DEBUG] Building Java Sources: "/Users/Darren/Work/AlloyMVCCopy/build/android/gen/com/alloy/ccs/AlloymvccopyActivity.java" "/Users/Darren/Work/AlloyMVCCopy/build/android/gen/com/alloy/ccs/AlloymvccopyAppInfo.java" "/Users/Darren/Work/AlloyMVCCopy/build/android/gen/com/alloy/ccs/AlloymvccopyApplication.java" "/Users/Darren/Work/AlloyMVCCopy/build/android/gen/com/alloy/ccs/ApplicationStylesheet.java" "/Users/Darren/Work/AlloyMVCCopy/build/android/gen/com/alloy/ccs/R.java"
[INFO] Waiting for SDCard to become available..
[INFO] Compiling Android Resources... This could take some time
[DEBUG] Android classes.dex built
[DEBUG] creating unsigned apk: /Users/Darren/Work/AlloyMVCCopy/build/android/bin/app-unsigned.apk
[DEBUG] from resource zip => assets/Resources/alloy/controllers/BaseController.js
[DEBUG] from resource zip => assets/Resources/alloy/controllers/detail.js
[DEBUG] from resource zip => assets/Resources/alloy/controllers/index.js
[DEBUG] from resource zip => assets/Resources/alloy/sync/localStorage.js
[DEBUG] from resource zip => assets/Resources/alloy/sync/properties.js
[DEBUG] from resource zip => assets/Resources/alloy/sync/sql.js
[DEBUG] from resource zip => assets/Resources/alloy/CFG.js
[DEBUG] from resource zip => assets/Resources/alloy/backbone.js
[DEBUG] from resource zip => assets/Resources/alloy/string.js
[DEBUG] from resource zip => assets/Resources/alloy/underscore.js
[DEBUG] from resource zip => assets/Resources/alloy.js
[DEBUG] from resource zip => assets/Resources/app.js
[DEBUG] from resource zip => assets/Resources/appicon.png
[DEBUG] from resource zip => assets/Resources/default.png
[DEBUG] from resource zip => assets/Resources/ti.cloud.js
[DEBUG] from resource zip => assets/app.json
[DEBUG] from resource zip => assets/index.json
[DEBUG] from resource zip => assets/tiapp.xml
[DEBUG] from resource zip => res/drawable/appicon.png
[DEBUG] from resource zip => res/drawable/background.png
[DEBUG] from resource zip => res/drawable/close.png
[DEBUG] from resource zip => res/drawable/facebook_login.png
[DEBUG] from resource zip => res/drawable/facebook_login_down.png
[DEBUG] from resource zip => res/drawable/facebook_login_wide.png
[DEBUG] from resource zip => res/drawable/facebook_login_wide_down.png
[DEBUG] from resource zip => res/drawable/facebook_logout.png
[DEBUG] from resource zip => res/drawable/facebook_logout_down.png
[DEBUG] from resource zip => res/layout/titanium_tabgroup.xml
[DEBUG] from resource zip => AndroidManifest.xml
[DEBUG] from resource zip => resources.arsc
[DEBUG] from resource zip => res/drawable-hdpi/close.png
[DEBUG] from resource zip => res/drawable-ldpi/close.png
[DEBUG] from resource zip => res/drawable-long-land-hdpi/background.png
[DEBUG] from resource zip => res/drawable-long-land-hdpi/default_d44e27d97b.png
[DEBUG] from resource zip => res/drawable-long-land-ldpi/background.png
[DEBUG] from resource zip => res/drawable-long-land-ldpi/default_d44e27d97b.png
[DEBUG] from resource zip => res/drawable-long-port-hdpi/background.png
[DEBUG] from resource zip => res/drawable-long-port-hdpi/default_d44e27d97b.png
[DEBUG] from resource zip => res/drawable-long-port-ldpi/background.png
[DEBUG] from resource zip => res/drawable-long-port-ldpi/default_d44e27d97b.png
[DEBUG] from resource zip => res/drawable-notlong-land-hdpi/background.png
[DEBUG] from resource zip => res/drawable-notlong-land-hdpi/default_d44e27d97b.png
[DEBUG] from resource zip => res/drawable-notlong-land-ldpi/background.png
[DEBUG] from resource zip => res/drawable-notlong-land-ldpi/default_d44e27d97b.png
[DEBUG] from resource zip => res/drawable-notlong-land-mdpi/background.png
[DEBUG] from resource zip => res/drawable-notlong-land-mdpi/default_d44e27d97b.png
[DEBUG] from resource zip => res/drawable-notlong-port-hdpi/background.png
[DEBUG] from resource zip => res/drawable-notlong-port-hdpi/default_d44e27d97b.png
[DEBUG] from resource zip => res/drawable-notlong-port-ldpi/background.png
[DEBUG] from resource zip => res/drawable-notlong-port-ldpi/default_d44e27d97b.png
[DEBUG] from resource zip => res/drawable-notlong-port-mdpi/background.png
[DEBUG] from resource zip => res/drawable-notlong-port-mdpi/default_d44e27d97b.png
[DEBUG] from JAR /Library/Application Support/Titanium/mobilesdk/osx/2.1.3.GA/android/thirdparty.jar => org/apache/Commons-NOTICE.txt
[DEBUG] from JAR /Library/Application Support/Titanium/mobilesdk/osx/2.1.3.GA/android/thirdparty.jar => org/apache/HttpComponents-NOTICE.txt
[DEBUG] from JAR /Library/Application Support/Titanium/mobilesdk/osx/2.1.3.GA/android/thirdparty.jar => org/apache/mime4j-NOTICE.txt
[DEBUG] from JAR /Library/Application Support/Titanium/mobilesdk/osx/2.1.3.GA/android/modules/titanium-ui.jar => ti/modules/titanium/ui/widget/webview/binding.js
[DEBUG] from JAR /Library/Application Support/Titanium/mobilesdk/osx/2.1.3.GA/android/modules/titanium-ui.jar => ti/modules/titanium/ui/widget/webview/binding.min.js
[DEBUG] from JAR /Library/Application Support/Titanium/mobilesdk/osx/2.1.3.GA/android/modules/titanium-ui.jar => ti/modules/titanium/ui/widget/webview/json2.js
[DEBUG] from JAR /Library/Application Support/Titanium/mobilesdk/osx/2.1.3.GA/android/modules/titanium-ui.jar => ti/modules/titanium/ui/widget/webview/polling.js
[DEBUG] from JAR /Library/Application Support/Titanium/mobilesdk/osx/2.1.3.GA/android/modules/titanium-ui.jar => ti/modules/titanium/ui/widget/webview/polling.min.js
[DEBUG] from JAR /Library/Application Support/Titanium/mobilesdk/osx/2.1.3.GA/android/modules/titanium-facebook.jar => ti/modules/titanium/facebook/LICENSE
[DEBUG] from JAR /Library/Application Support/Titanium/mobilesdk/osx/2.1.3.GA/android/titanium.jar => org/appcelerator/titanium/build.properties
[DEBUG] from JAR /Library/Application Support/Titanium/mobilesdk/osx/2.1.3.GA/android/titanium.jar => org/appcelerator/titanium/res/drawable/background.png
[DEBUG] from JAR /Library/Application Support/Titanium/mobilesdk/osx/2.1.3.GA/android/titanium.jar => org/appcelerator/titanium/res/drawable/btn_check_buttonless_on.png
[DEBUG] from JAR /Library/Application Support/Titanium/mobilesdk/osx/2.1.3.GA/android/titanium.jar => org/appcelerator/titanium/res/drawable/btn_check_buttonless_on_18.png
[DEBUG] from JAR /Library/Application Support/Titanium/mobilesdk/osx/2.1.3.GA/android/titanium.jar => org/appcelerator/titanium/res/drawable/btn_check_buttonless_on_48.png
[DEBUG] from JAR /Library/Application Support/Titanium/mobilesdk/osx/2.1.3.GA/android/titanium.jar => org/appcelerator/titanium/res/drawable/btn_more.png
[DEBUG] from JAR /Library/Application Support/Titanium/mobilesdk/osx/2.1.3.GA/android/titanium.jar => org/appcelerator/titanium/res/drawable/btn_more_18.png
[DEBUG] from JAR /Library/Application Support/Titanium/mobilesdk/osx/2.1.3.GA/android/titanium.jar => org/appcelerator/titanium/res/drawable/btn_more_48.png
[DEBUG] from JAR /Library/Application Support/Titanium/mobilesdk/osx/2.1.3.GA/android/titanium.jar => org/appcelerator/titanium/res/drawable/btn_picker_normal.9.png
[DEBUG] from JAR /Library/Application Support/Titanium/mobilesdk/osx/2.1.3.GA/android/titanium.jar => org/appcelerator/titanium/res/drawable/btn_picker_pressed.9.png
[DEBUG] from JAR /Library/Application Support/Titanium/mobilesdk/osx/2.1.3.GA/android/titanium.jar => org/appcelerator/titanium/res/drawable/btn_picker_selected.9.png
[DEBUG] from JAR /Library/Application Support/Titanium/mobilesdk/osx/2.1.3.GA/android/titanium.jar => org/appcelerator/titanium/res/drawable/default_icon.png
[DEBUG] from JAR /Library/Application Support/Titanium/mobilesdk/osx/2.1.3.GA/android/titanium.jar => org/appcelerator/titanium/res/drawable/photoDefault.png
[DEBUG] installing native lib: /Users/Darren/Work/AlloyMVCCopy/modules/android/ti.physicalsizecategory/1.0/libs/armeabi/libti.physicalSizeCategory.so
[DEBUG] installing native lib: /Users/Darren/Work/AlloyMVCCopy/modules/android/ti.physicalsizecategory/1.0/libs/armeabi-v7a/libti.physicalSizeCategory.so
[DEBUG] installing native lib: /Users/Darren/Work/AlloyMVCCopy/modules/android/ti.physicalsizecategory/1.0/libs/x86/libti.physicalSizeCategory.so
[DEBUG] installing native SDK libs
[DEBUG] Waiting for device to be ready ...
[TRACE] adb devices returned 1 devices/emulators
[DEBUG] Device connected... (waited 0 seconds)
[DEBUG] waited 0.019260 seconds on emulator to get ready
[INFO] Installing application on emulator
[INFO] Launching application ... AlloyMVCCopy
[TRACE] Launch output: Starting: Intent { act=android.intent.action.MAIN cat=[android.intent.category.LAUNCHER] flg=0x10200000 cmp=com.alloy.ccs/.AlloymvccopyActivity }

[INFO] Deployed AlloyMVCCopy ... Application should be running.
